[pearviewer/client/grpc:deleteFileReq] | ERROR : file.go:30: 2025/06/17 15:18:32.756474 Delete File Request error: rpc error: code = Unavailable desc = error reading from server: EOF
[pearviewer/client/grpc:moveFileReq] | ERROR : file.go:30: 2025/06/17 15:55:36.145797 Move File request error: rpc error: code = Unavailable desc = error reading from server: EOF
[pearviewer/client/grpc:moveFileReq] | ERROR : file.go:30: 2025/06/17 15:55:51.003877 Move File request error: rpc error: code = Unavailable desc = error reading from server: EOF
[pearviewer/client/grpc:moveFileReq] | ERROR : file.go:30: 2025/06/17 16:00:30.340965 Move File request error: rpc error: code = Unavailable desc = error reading from server: EOF
[pearviewer/client/grpc:moveFileReq] | ERROR : file.go:30: 2025/06/17 16:02:20.441594 Move File request error: <nil>
[pearviewer/client/grpc:moveFileReq] | ERROR : file.go:30: 2025/06/17 16:04:35.496550 Move File request error: <nil>
[pearviewer/client/grpc:moveFileReq] | ERROR : file.go:30: 2025/06/17 16:05:03.353079 Move File request error: rpc error: code = Unavailable desc = error reading from server: EOF
[pearviewer/client/grpc:moveFileReq] | ERROR : file.go:30: 2025/06/17 16:05:47.955378 Move File request error: rpc error: code = Unavailable desc = error reading from server: EOF
[pearviewer/client/grpc:moveFileReq] | ERROR : file.go:30: 2025/06/17 16:07:22.279146 Move File request error: rpc error: code = Unavailable desc = error reading from server: EOF
[pearviewer/client/grpc:moveFileReq] | ERROR : file.go:30: 2025/06/17 16:08:26.632795 Move File request error: rpc error: code = Unavailable desc = error reading from server: EOF
[pearviewer/client/grpc:uploadFileReq] | FATAL : file.go:136: 2025/06/20 14:16:29.932597 Failed to start streamingrpc error: code = Unavailable desc = connection error: desc = "transport: Error while dialing: dial tcp 127.0.0.1:8080: connect: connection refused"
[pearviewer/client/dto:CreateUploadFileReq] | ERROR : fileDto.go:20: 2025/06/24 11:09:51.526400 Failed to open fileopen testfile.txt: no such file or directory
[pearviewer/client/dto:CreateUploadFileReq] | ERROR : fileDto.go:20: 2025/06/24 11:44:14.957643 Failed to open file: open testfile.txt: no such file or directory
[pearviewer/client/dto:CreateUploadFileReq] | ERROR : fileDto.go:20: 2025/06/24 11:47:41.246270 Failed to open file: open testfile.txt: no such file or directory
[pearviewer/client/dto:CreateUploadFileReq] | ERROR : fileDto.go:20: 2025/06/24 11:47:47.348387 Failed to open file: open filetest/testfile.txt: no such file or directory
[pearviewer/client/dto:CreateUploadFileReq] | ERROR : fileDto.go:20: 2025/06/24 11:49:10.889232 Failed to open file: open filetest/testfile.txt: no such file or directory
[pearviewer/client/dto:CreateUploadFileReq] | ERROR : fileDto.go:20: 2025/06/24 11:54:50.312157 Failed to open file: open ./filetest/testfile.txt: no such file or directory
[pearviewer/client/grpc:createDirReq] | ERROR : dir.go:44: 2025/06/24 11:57:36.631564 Upload Dir Request error: rpc error: code = Unavailable desc = connection error: desc = "transport: Error while dialing: dial tcp 127.0.0.1:8080: connect: connection refused"
[pearviewer/client/grpc:createDirReq] | ERROR : dir.go:44: 2025/06/24 12:05:33.665149 Upload Dir Request error: rpc error: code = Unavailable desc = connection error: desc = "transport: Error while dialing: dial tcp 127.0.0.1:8080: connect: connection refused"
[pearviewer/client/grpc:createDirReq] | ERROR : dir.go:44: 2025/06/24 14:45:47.048017 Upload Dir Request error: rpc error: code = Unavailable desc = connection error: desc = "transport: Error while dialing: dial tcp 127.0.0.1:8080: connect: connection refused"
[pearviewer/client/grpc:listDirReq] | ERROR : dir.go:107: 2025/06/26 11:45:49.151740 List Dir Request error: rpc error: code = Unknown desc = open ./filetest/test1: no such file or directory
[pearviewer/client/grpc:listDirReq] | ERROR : dir.go:107: 2025/06/26 11:48:52.652561 List Dir Request error: rpc error: code = Unknown desc = open ./filetest/test1: no such file or directory
[pearviewer/client/grpc:listDirReq] | ERROR : dir.go:107: 2025/06/26 17:11:51.046966 List Dir Request error: rpc error: code = Unavailable desc = error reading from server: EOF
[pearviewer/client/grpc:listDirReq] | ERROR : dir.go:107: 2025/06/26 17:12:07.268344 List Dir Request error: rpc error: code = Unavailable desc = error reading from server: EOF
[pearviewer/client/grpc:listDirReq] | ERROR : dir.go:107: 2025/06/26 17:14:37.023203 List Dir Request error: rpc error: code = Unavailable desc = error reading from server: EOF
[pearviewer/client/grpc:listDirReq] | ERROR : dir.go:107: 2025/06/26 17:15:01.685581 List Dir Request error: rpc error: code = Unavailable desc = error reading from server: EOF
[pearviewer/client/grpc:listDirReq] | ERROR : dir.go:107: 2025/06/26 17:15:52.278144 List Dir Request error: rpc error: code = Unavailable desc = error reading from server: EOF
[pearviewer/client/grpc:listDirReq] | ERROR : dir.go:107: 2025/06/26 17:16:06.715903 List Dir Request error: rpc error: code = Unavailable desc = error reading from server: EOF
[pearviewer/client/grpc:listDirReq] | ERROR : dir.go:107: 2025/06/26 17:16:36.327816 List Dir Request error: rpc error: code = Unavailable desc = error reading from server: EOF
[pearviewer/client/grpc:listDirReq] | ERROR : dir.go:107: 2025/06/26 17:17:09.766814 List Dir Request error: rpc error: code = Unavailable desc = error reading from server: EOF
[pearviewer/client/grpc:listDirReq] | ERROR : dir.go:107: 2025/06/26 17:18:33.360417 List Dir Request error: rpc error: code = Unavailable desc = error reading from server: EOF
[pearviewer/client/grpc:listDirReq] | ERROR : dir.go:107: 2025/06/26 17:20:43.948078 List Dir Request error: rpc error: code = Unavailable desc = error reading from server: EOF
[pearviewer/client/grpc:listDirReq] | ERROR : dir.go:107: 2025/06/26 17:21:52.046754 List Dir Request error: rpc error: code = Unavailable desc = error reading from server: EOF
[pearviewer/client/grpc:listDirReq] | ERROR : dir.go:107: 2025/06/26 17:23:06.707009 List Dir Request error: rpc error: code = Unavailable desc = error reading from server: EOF
[pearviewer/client/grpc:listDirReq] | ERROR : dir.go:107: 2025/06/26 17:23:37.266695 List Dir Request error: rpc error: code = Unavailable desc = error reading from server: EOF
[pearviewer/client/grpc:listDirReq] | ERROR : dir.go:107: 2025/06/26 17:24:22.144434 List Dir Request error: rpc error: code = Unavailable desc = error reading from server: EOF
[pearviewer/client/grpc:listDirReq] | ERROR : dir.go:107: 2025/06/26 17:27:25.711082 List Dir Request error: rpc error: code = Unavailable desc = error reading from server: EOF
[pearviewer/client/grpc:listDirReq] | ERROR : dir.go:107: 2025/06/26 17:28:14.966286 List Dir Request error: rpc error: code = Unavailable desc = error reading from server: EOF
[pearviewer/client/grpc:uploadFileReq] | FATAL : file.go:48: 2025/06/27 11:08:28.717573 Failed to start streamingrpc error: code = Unavailable desc = connection error: desc = "transport: Error while dialing: dial tcp 127.0.0.1:8080: connect: connection refused"
[pearviewer/client/grpc:uploadFileReq] | FATAL : file.go:48: 2025/06/27 11:10:17.665576 Failed to start streamingrpc error: code = Unavailable desc = connection error: desc = "transport: Error while dialing: dial tcp 127.0.0.1:8080: connect: connection refused"
[pearviewer/client/grpc:uploadFileReq] | FATAL : file.go:48: 2025/06/27 11:10:23.648717 Failed to start streamingrpc error: code = Unavailable desc = connection error: desc = "transport: Error while dialing: dial tcp 127.0.0.1:8080: connect: connection refused"
[pearviewer/client/grpc:downloadFileReq] | ERROR : file.go:131: 2025/06/27 12:00:43.953835 Download File request error: EOF
[pearviewer/client/grpc:downloadFileReq] | ERROR : file.go:131: 2025/06/27 14:03:56.314063 Download File request error: rpc error: code = Unavailable desc = error reading from server: EOF
[pearviewer/client/grpc:downloadFileReq] | ERROR : file.go:131: 2025/06/27 14:06:24.093073 Download File request error: rpc error: code = Unavailable desc = error reading from server: EOF
[pearviewer/client/grpc:downloadFileReq] | ERROR : file.go:131: 2025/06/27 14:07:03.192498 Download File request error: rpc error: code = Unavailable desc = error reading from server: EOF
